<?xml version="1.0" encoding="UTF-8"?>
<!-- Generated by org.testng.reporters.JUnitXMLReporter -->
<testsuite ignored="0" hostname="DESKTOP-Q4DJN4G" failures="0" tests="2" name="Error validation test" time="16.649" errors="0" timestamp="2024-11-23T18:22:53 IST">
  <testcase classname="wizehub.Tests.ErrorValidationsTest" name="LoginErrorValidation" time="1.128"/>
  <testcase classname="wizehub.Tests.ErrorValidationsTest" name="productErrorValidation" time="3.406"/>
</testsuite> <!-- Error validation test -->
