<?xml version="1.0" encoding="UTF-8"?>
<!-- Generated by org.testng.reporters.JUnitXMLReporter -->
<testsuite ignored="0" hostname="DESKTOP-Q4DJN4G" failures="0" tests="3" name="Submit order test" time="37.757" errors="0" timestamp="2024-11-23T18:23:14 IST">
  <testcase classname="wizehub.Tests.SubmitOrderTest" name="orderHistory" time="0.886"/>
  <testcase classname="wizehub.Tests.SubmitOrderTest" name="submitOrder" time="4.344"/>
  <testcase classname="wizehub.Tests.SubmitOrderTest" name="submitOrder" time="16.69"/>
</testsuite> <!-- Submit order test -->
