<?xml version="1.0" encoding="UTF-8"?>
<testng-results ignored="0" total="5" passed="5" failed="0" skipped="0">
  <reporter-output>
  </reporter-output>
  <suite started-at="2024-11-23T18:22:36 IST" name="Suite" finished-at="2024-11-23T18:23:14 IST" duration-ms="37757">
    <groups>
      <group name="ErrorHandling">
        <method signature="ErrorValidationsTest.LoginErrorValidation()[pri:0, instance:wizehub.Tests.ErrorValidationsTest@2d29b4ee]" name="LoginErrorValidation" class="wizehub.Tests.ErrorValidationsTest"/>
      </group> <!-- ErrorHandling -->
      <group name="Purchase">
        <method signature="SubmitOrderTest.submitOrder(java.util.HashMap)[pri:0, instance:wizehub.Tests.SubmitOrderTest@4722ef0c]" name="submitOrder" class="wizehub.Tests.SubmitOrderTest"/>
      </group> <!-- Purchase -->
    </groups>
    <test started-at="2024-11-23T18:22:36 IST" name="Error validation test" finished-at="2024-11-23T18:22:52 IST" duration-ms="16649">
      <class name="wizehub.Tests.ErrorValidationsTest">
        <test-method is-config="true" signature="launchApplication()[pri:0, instance:wizehub.Tests.ErrorValidationsTest@2d29b4ee]" started-at="2024-11-23T18:22:36 IST" name="launchApplication" finished-at="2024-11-23T18:22:45 IST" duration-ms="9225" status="PASS">
          <reporter-output>
          </reporter-output>
        </test-method> <!-- launchApplication -->
        <test-method signature="LoginErrorValidation()[pri:0, instance:wizehub.Tests.ErrorValidationsTest@2d29b4ee]" started-at="2024-11-23T18:22:45 IST" name="LoginErrorValidation" finished-at="2024-11-23T18:22:46 IST" duration-ms="1128" status="PASS">
          <reporter-output>
          </reporter-output>
        </test-method> <!-- LoginErrorValidation -->
        <test-method is-config="true" signature="tearDown()[pri:0, instance:wizehub.Tests.ErrorValidationsTest@2d29b4ee]" started-at="2024-11-23T18:22:46 IST" name="tearDown" finished-at="2024-11-23T18:22:46 IST" duration-ms="166" status="PASS">
          <reporter-output>
          </reporter-output>
        </test-method> <!-- tearDown -->
        <test-method is-config="true" signature="launchApplication()[pri:0, instance:wizehub.Tests.ErrorValidationsTest@2d29b4ee]" started-at="2024-11-23T18:22:46 IST" name="launchApplication" finished-at="2024-11-23T18:22:49 IST" duration-ms="2454" status="PASS">
          <reporter-output>
          </reporter-output>
        </test-method> <!-- launchApplication -->
        <test-method signature="productErrorValidation()[pri:0, instance:wizehub.Tests.ErrorValidationsTest@2d29b4ee]" started-at="2024-11-23T18:22:49 IST" name="productErrorValidation" finished-at="2024-11-23T18:22:52 IST" duration-ms="3406" status="PASS">
          <reporter-output>
          </reporter-output>
        </test-method> <!-- productErrorValidation -->
        <test-method is-config="true" signature="tearDown()[pri:0, instance:wizehub.Tests.ErrorValidationsTest@2d29b4ee]" started-at="2024-11-23T18:22:52 IST" name="tearDown" finished-at="2024-11-23T18:22:52 IST" duration-ms="219" status="PASS">
          <reporter-output>
          </reporter-output>
        </test-method> <!-- tearDown -->
      </class> <!-- wizehub.Tests.ErrorValidationsTest -->
    </test> <!-- Error validation test -->
    <test started-at="2024-11-23T18:22:36 IST" name="Submit order test" finished-at="2024-11-23T18:23:14 IST" duration-ms="37757">
      <class name="wizehub.Tests.SubmitOrderTest">
        <test-method is-config="true" signature="launchApplication()[pri:0, instance:wizehub.Tests.SubmitOrderTest@4722ef0c]" started-at="2024-11-23T18:22:36 IST" name="launchApplication" finished-at="2024-11-23T18:22:43 IST" duration-ms="7439" status="PASS">
          <reporter-output>
          </reporter-output>
        </test-method> <!-- launchApplication -->
        <test-method signature="orderHistory()[pri:0, instance:wizehub.Tests.SubmitOrderTest@4722ef0c]" started-at="2024-11-23T18:22:43 IST" name="orderHistory" finished-at="2024-11-23T18:22:44 IST" duration-ms="886" status="PASS">
          <reporter-output>
          </reporter-output>
        </test-method> <!-- orderHistory -->
        <test-method is-config="true" signature="tearDown()[pri:0, instance:wizehub.Tests.SubmitOrderTest@4722ef0c]" started-at="2024-11-23T18:22:44 IST" name="tearDown" finished-at="2024-11-23T18:22:44 IST" duration-ms="211" status="PASS">
          <reporter-output>
          </reporter-output>
        </test-method> <!-- tearDown -->
        <test-method is-config="true" signature="launchApplication()[pri:0, instance:wizehub.Tests.SubmitOrderTest@4722ef0c]" started-at="2024-11-23T18:22:45 IST" name="launchApplication" finished-at="2024-11-23T18:22:49 IST" duration-ms="4331" status="PASS">
          <reporter-output>
          </reporter-output>
        </test-method> <!-- launchApplication -->
        <test-method signature="submitOrder(java.util.HashMap)[pri:0, instance:wizehub.Tests.SubmitOrderTest@4722ef0c]" started-at="2024-11-23T18:22:49 IST" name="submitOrder" data-provider="getData" finished-at="2024-11-23T18:22:53 IST" duration-ms="4344" status="PASS">
          <params>
            <param index="0">
              <value>
                <![CDATA[{password=Akash@123, email=kasarakash04@gmail.com, productName=ZARA COAT 3}]]>
              </value>
            </param>
          </params>
          <reporter-output>
          </reporter-output>
        </test-method> <!-- submitOrder -->
        <test-method is-config="true" signature="tearDown()[pri:0, instance:wizehub.Tests.SubmitOrderTest@4722ef0c]" started-at="2024-11-23T18:22:53 IST" name="tearDown" finished-at="2024-11-23T18:22:54 IST" duration-ms="276" status="PASS">
          <reporter-output>
          </reporter-output>
        </test-method> <!-- tearDown -->
        <test-method is-config="true" signature="launchApplication()[pri:0, instance:wizehub.Tests.SubmitOrderTest@4722ef0c]" started-at="2024-11-23T18:22:54 IST" name="launchApplication" finished-at="2024-11-23T18:22:57 IST" duration-ms="3041" status="PASS">
          <reporter-output>
          </reporter-output>
        </test-method> <!-- launchApplication -->
        <test-method signature="submitOrder(java.util.HashMap)[pri:0, instance:wizehub.Tests.SubmitOrderTest@4722ef0c]" started-at="2024-11-23T18:22:57 IST" name="submitOrder" data-provider="getData" finished-at="2024-11-23T18:23:13 IST" duration-ms="16690" status="PASS">
          <params>
            <param index="0">
              <value>
                <![CDATA[{password=Akash@123, email=kasarakash4@gmail.com, productName=ADIDAS ORIGINAL}]]>
              </value>
            </param>
          </params>
          <reporter-output>
          </reporter-output>
        </test-method> <!-- submitOrder -->
        <test-method is-config="true" signature="tearDown()[pri:0, instance:wizehub.Tests.SubmitOrderTest@4722ef0c]" started-at="2024-11-23T18:23:13 IST" name="tearDown" finished-at="2024-11-23T18:23:14 IST" duration-ms="243" status="PASS">
          <reporter-output>
          </reporter-output>
        </test-method> <!-- tearDown -->
      </class> <!-- wizehub.Tests.SubmitOrderTest -->
    </test> <!-- Submit order test -->
  </suite> <!-- Suite -->
</testng-results>
